<?xml version="1.0" encoding="UTF-8"?>
<!-- Generated by org.testng.reporters.JUnitReportReporter -->
<testsuite skipped="0" hostname="EBs-MacBook-Pro.local" name="com.automation.Example1" tests="1" failures="0" timestamp="2022-06-14T11:39:38 IST" time="47.675" errors="0">
  <testcase name="test1" time="47.675" classname="com.automation.Example1"/>
  <system-out/>
</testsuite> <!-- com.automation.Example1 -->
